Arguments: 
  /Users/jakealbaugh/.nvm/versions/node/v10.9.0/bin/node /usr/local/Cellar/yarn/1.12.3/libexec/bin/yarn.js publish

PATH: 
  /Users/jakealbaugh/.rbenv/shims:/Users/jakealbaugh/.yarn/bin:/Users/jakealbaugh/Library/Python/3.7/bin:/usr/local/bin:/usr/bin:/bin:/usr/sbin:/sbin:/Users/jakealbaugh/.nvm/versions/node/v10.9.0/bin:/Users/jakealbaugh/.rbenv/shims:/Users/jakealbaugh/.yarn/bin:/Users/jakealbaugh/Library/Python/3.7/bin

Yarn version: 
  1.12.3

Node version: 
  10.9.0

Platform: 
  darwin x64

Trace: 
  Error: canceled
      at Interface.<anonymous> (/usr/local/Cellar/yarn/1.12.3/libexec/lib/cli.js:125278:13)
      at Interface.emit (events.js:182:13)
      at Interface._ttyWrite (readline.js:783:16)
      at ReadStream.onkeypress (readline.js:168:10)
      at ReadStream.emit (events.js:182:13)
      at emitKeys (internal/readline.js:422:14)
      at emitKeys.next (<anonymous>)
      at ReadStream.onData (readline.js:1022:36)
      at ReadStream.emit (events.js:182:13)
      at addChunk (_stream_readable.js:283:12)

npm manifest: 
  {
    "name": "jake-is-listening-to",
    "version": "1.0.0",
    "main": "index.js",
    "author": "Jake Albaugh <jake.albaugh@gmail.com>",
    "license": "MIT",
    "dependencies": {
      "jsonminify": "^0.4.1"
    },
    "scripts": {
      "publish": "node index.js; git add --all; git commit -m 'UPDATE'; git push origin master"
    }
  }

yarn manifest: 
  No manifest

Lockfile: 
  # THIS IS AN AUTOGENERATED FILE. DO NOT EDIT THIS FILE DIRECTLY.
  # yarn lockfile v1
  
  
  jsonminify@^0.4.1:
    version "0.4.1"
    resolved "https://registry.yarnpkg.com/jsonminify/-/jsonminify-0.4.1.tgz#805dafbb39395188cee9ab582c81ef959d7e710c"
    integrity sha1-gF2vuzk5UYjO6atYLIHvlZ1+cQw=
